Removed Pin From Net: NetName=NetD1_1 Pin=JP1-1
Removed Pin From Net: NetName=GND Pin=JP1-2
Removed Member From Class: ClassName=Sheet2 Member=JP1
Added Component: Designator=J1(pad_smd_5x8)
Add component (AddParameter): Name = "ComponentLink1Description"; Value = "Manufacturer Link"; VariantName = "[No Variations]"
Add component (AddParameter): Name = "ComponentLink1URL"; Value = "http://www.molex.com/"; VariantName = "[No Variations]"
Add component (AddParameter): Name = "ComponentLink2Description"; Value = "Datasheet"; VariantName = "[No Variations]"
Add component (AddParameter): Name = "ComponentLink2URL"; Value = "http://www.molex.com/cmc_upload/common_files/1212003_42878catalogpage.pdf"; VariantName = "[No Variations]"
Add component (AddParameter): Name = "DatasheetDocument"; Value = "20-Nov-2001"; VariantName = "[No Variations]"
Add component (AddParameter): Name = "DrillSize"; Value = "Nominal, Rounded to nearest 0.05mm"; VariantName = "[No Variations]"
Add component (AddParameter): Name = "PackageDocument"; Value = "20-Nov-2001"; VariantName = "[No Variations]"
Add component (AddParameter): Name = "PackageReference"; Value = "42878-4410"; VariantName = "[No Variations]"
Add component (AddParameter): Name = "PCB_Layout"; Value = "Complies with Manufacturer's Recommendation."; VariantName = "[No Variations]"
Add component (AddParameter): Name = "PCB_Mounting"; Value = "Thru-Hole"; VariantName = "[No Variations]"
Add component (AddParameter): Name = "PCB_Thickness"; Value = "0.125""; VariantName = "[No Variations]"
Add component (AddParameter): Name = "PerformanceCategory"; Value = "3"; VariantName = "[No Variations]"
Add component (AddParameter): Name = "Ports"; Value = "1"; VariantName = "[No Variations]"
Add component (AddParameter): Name = "Positions/Loaded"; Value = "Port1 - 4/2"; VariantName = "[No Variations]"
Add component (AddParameter): Name = "Published"; Value = "25-Jun-2002"; VariantName = "[No Variations]"
Add component (AddParameter): Name = "Publisher"; Value = "Altium Limited"; VariantName = "[No Variations]"
Added Component: Designator=J2(pad_smd_5x8)
Add component (AddParameter): Name = "ComponentLink1Description"; Value = "Manufacturer Link"; VariantName = "[No Variations]"
Add component (AddParameter): Name = "ComponentLink1URL"; Value = "http://www.molex.com/"; VariantName = "[No Variations]"
Add component (AddParameter): Name = "ComponentLink2Description"; Value = "Datasheet"; VariantName = "[No Variations]"
Add component (AddParameter): Name = "ComponentLink2URL"; Value = "http://www.molex.com/cmc_upload/common_files/1212003_42878catalogpage.pdf"; VariantName = "[No Variations]"
Add component (AddParameter): Name = "DatasheetDocument"; Value = "20-Nov-2001"; VariantName = "[No Variations]"
Add component (AddParameter): Name = "DrillSize"; Value = "Nominal, Rounded to nearest 0.05mm"; VariantName = "[No Variations]"
Add component (AddParameter): Name = "PackageDocument"; Value = "20-Nov-2001"; VariantName = "[No Variations]"
Add component (AddParameter): Name = "PackageReference"; Value = "42878-4410"; VariantName = "[No Variations]"
Add component (AddParameter): Name = "PCB_Layout"; Value = "Complies with Manufacturer's Recommendation."; VariantName = "[No Variations]"
Add component (AddParameter): Name = "PCB_Mounting"; Value = "Thru-Hole"; VariantName = "[No Variations]"
Add component (AddParameter): Name = "PCB_Thickness"; Value = "0.125""; VariantName = "[No Variations]"
Add component (AddParameter): Name = "PerformanceCategory"; Value = "3"; VariantName = "[No Variations]"
Add component (AddParameter): Name = "Ports"; Value = "1"; VariantName = "[No Variations]"
Add component (AddParameter): Name = "Positions/Loaded"; Value = "Port1 - 4/2"; VariantName = "[No Variations]"
Add component (AddParameter): Name = "Published"; Value = "25-Jun-2002"; VariantName = "[No Variations]"
Add component (AddParameter): Name = "Publisher"; Value = "Altium Limited"; VariantName = "[No Variations]"
Added Pin To Net: NetName=NetD1_1 Pin=J1-1
Added Pin To Net: NetName=GND Pin=J2-1
Added Member To Class: ClassName=Sheet2 Member=Component J1 Pad
Added Member To Class: ClassName=Sheet2 Member=Component J2 Pad
